<?xml version="1.0" encoding="UTF-8"?>
<!-- Generated by org.testng.reporters.JUnitXMLReporter -->
<testsuite ignored="0" hostname="DESKTOP-HOBI2KU" failures="2" tests="2" name="Test" time="0.152" errors="0" timestamp="2023-01-24T14:33:33 IST">
  <testcase classname="TestNGpack.BaseTest" name="@AfterMethod tearDown" time="0.002">
    <failure type="java.lang.NullPointerException" message="Cannot invoke &amp;quot;org.openqa.selenium.WebDriver.quit()&amp;quot; because &amp;quot;TestNGpack.BaseTest.driver&amp;quot; is null">
      <![CDATA[java.lang.NullPointerException: Cannot invoke "org.openqa.selenium.WebDriver.quit()" because "TestNGpack.BaseTest.driver" is null
at TestNGpack.BaseTest.tearDown(BaseTest.java:49)
at java.base/java.util.ArrayList.forEach(ArrayList.java:1511)
... Removed 32 stack frames]]>
    </failure>
  </testcase> <!-- @AfterMethod tearDown -->
  <testcase classname="TestNGpack.BaseTest" name="setUp" time="0.0">
    <failure type="org.testng.TestNGException" message="
Parameter &amp;apos;browser&amp;apos; is required by @Test on method setUp but has not been marked @Optional or defined
in C:\Users\Admin\OneDrive\Desktop\wcsa4\wcsa4seleniumproject\testngvalidLogin.xml">
      <![CDATA[org.testng.TestNGException: 
Parameter 'browser' is required by @Test on method setUp but has not been marked @Optional or defined
in C:\Users\Admin\OneDrive\Desktop\wcsa4\wcsa4seleniumproject\testngvalidLogin.xml
at java.base/java.util.ArrayList.forEach(ArrayList.java:1511)
... Removed 26 stack frames]]>
    </failure>
  </testcase> <!-- setUp -->
  <testcase classname="TestNGpack.TestValidLoging" name="validLogin" time="0.029">
    <failure type="java.lang.NullPointerException" message="Cannot invoke &amp;quot;org.openqa.selenium.WebDriver.findElement(org.openqa.selenium.By)&amp;quot; because &amp;quot;TestNGpack.TestValidLoging.driver&amp;quot; is null">
      <![CDATA[java.lang.NullPointerException: Cannot invoke "org.openqa.selenium.WebDriver.findElement(org.openqa.selenium.By)" because "TestNGpack.TestValidLoging.driver" is null
at TestNGpack.TestValidLoging.validLogin(TestValidLoging.java:10)
at java.base/java.util.ArrayList.forEach(ArrayList.java:1511)
... Removed 27 stack frames]]>
    </failure>
  </testcase> <!-- validLogin -->
</testsuite> <!-- Test -->
